
Starting:    C:\Microsemi\Libero_SoC_v11.9\SynplifyPro\bin64\mbin\synplify.exe
Install:     C:\Microsemi\Libero_SoC_v11.9\SynplifyPro
Hostname:    MONICA-PC
Date:        Mon Nov 13 18:28:14 2023
Version:     L-2016.09M-SP1-5

Arguments:   -product synplify_pro cyq_SD2_syn.tcl
ProductType: synplify_pro

License checkout: synplifypro_actel
License: synplifypro_actel node-locked 
Licensed Vendor: actel
License Option: actel_oem



Implementation not found: synthesis
TCL script complete: "cyq_SD2_syn.tcl"
New HDL Analyst: enabled
log file: "C:\Users\Monica\Desktop\J3121000001_Comb\J3121000001_Comb\synthesis\cyq_SD2.srr"
Running: synthesis in foreground

Running cyq_SD2_syn|synthesis

Running: compile (Compile) on cyq_SD2_syn|synthesis
# Mon Nov 13 18:28:18 2023

Running: compile_flow (Compile Process) on cyq_SD2_syn|synthesis
# Mon Nov 13 18:28:18 2023

Running: compiler (Compile Input) on cyq_SD2_syn|synthesis
# Mon Nov 13 18:28:18 2023
Copied C:\Users\Monica\Desktop\J3121000001_Comb\J3121000001_Comb\synthesis\synwork\cyq_SD2_comp.srs to C:\Users\Monica\Desktop\J3121000001_Comb\J3121000001_Comb\synthesis\cyq_SD2.srs

compiler completed
# Mon Nov 13 18:28:19 2023

Return Code: 0
Run Time:00h:00m:01s

Running: multi_srs_gen (Multi-srs Generator) on cyq_SD2_syn|synthesis
# Mon Nov 13 18:28:19 2023

multi_srs_gen completed
# Mon Nov 13 18:28:19 2023

Return Code: 0
Run Time:00h:00m:00s
Copied C:\Users\Monica\Desktop\J3121000001_Comb\J3121000001_Comb\synthesis\synwork\cyq_SD2_mult.srs to C:\Users\Monica\Desktop\J3121000001_Comb\J3121000001_Comb\synthesis\cyq_SD2.srs
Complete: Compile Process on cyq_SD2_syn|synthesis

Running: premap (Pre-mapping) on cyq_SD2_syn|synthesis
# Mon Nov 13 18:28:19 2023

premap completed
# Mon Nov 13 18:28:20 2023

Return Code: 0
Run Time:00h:00m:01s
Complete: Compile on cyq_SD2_syn|synthesis

Running: map (Map) on cyq_SD2_syn|synthesis
# Mon Nov 13 18:28:20 2023

Running: fpga_mapper (Map & Optimize) on cyq_SD2_syn|synthesis
# Mon Nov 13 18:28:20 2023
Copied C:\Users\Monica\Desktop\J3121000001_Comb\J3121000001_Comb\synthesis\synwork\cyq_SD2_m.srm to C:\Users\Monica\Desktop\J3121000001_Comb\J3121000001_Comb\synthesis\cyq_SD2.srm

fpga_mapper completed with warnings
# Mon Nov 13 18:28:20 2023

Return Code: 1
Run Time:00h:00m:00s
Complete: Map on cyq_SD2_syn|synthesis
Complete: Logic Synthesis on cyq_SD2_syn|synthesis
Note: Opening local project RTL file 'C:\Users\Monica\Desktop\J3121000001_Comb\J3121000001_Comb\synthesis\cyq_SD2.srs'
exit status=0
License checkin: synplifypro_actel
