FlashPro
Version: 11.9.6.7
Release: v11.9 SP6

Software Version: 11.9.6.7
PDB file 'C:\New Folder2\J312300948_Gate\designer\impl1\lzy_BasGate.pdb' has been loaded
successfully.
DESIGN : lzy_BasGate;  CHECKSUM : BFC6;  PDB_VERSION : 1.9
programmer 'S2001MK9NB' : FlashPro5
Opened 'C:\New Folder2\J312300948_Gate\designer\impl1\lzy_BasGate_fp\lzy_BasGate.pro'
Checking for software updates...
Info: The software cannot reach the Microsemi SoC server to confirm the version you are running.
      Visit
      http://www.microsemi.com/products/fpga-soc/design-resources/design-software/libero-soc#do\
      wnloads to download the latest major release or service pack.
      You can check the version of your current installation by starting the tool and selecting
      Help -> About.
PDB file 'C:\New Folder2\J312300948_Gate\designer\impl1\lzy_BasGate.pdb' has been loaded
successfully.
DESIGN : lzy_BasGate;  CHECKSUM : BFC6;  PDB_VERSION : 1.9
programmer 'S2001MK9NB' : Scan Chain...
Warning: programmer 'S2001MK9NB' : Vpump has been selected on programmer AND an externally
         provided Vpump has also been detected. Using externally provided Vpump voltage source.
programmer 'S2001MK9NB' : Scan Chain PASSED.
programmer 'S2001MK9NB' : Executing action PROGRAM
programmer 'S2001MK9NB' : EXPORT FSN[48] = 802a972ce4fc
programmer 'S2001MK9NB' : Erase ...
programmer 'S2001MK9NB' : Completed erase
programmer 'S2001MK9NB' : EXPORT CHECKSUM[16] = bfc6
programmer 'S2001MK9NB' : Programming FPGA Array
programmer 'S2001MK9NB' : Verifying FPGA Array
programmer 'S2001MK9NB' :         Verifying FPGA Array -- pass
programmer 'S2001MK9NB' : Finished: Fri Nov 22 12:01:54 2024 (Elapsed time 00:00:27)
programmer 'S2001MK9NB' : Executing action PROGRAM PASSED.

                        o - o - o - o - o - o

Warning: Project 'lzy_BasGate' has been modified. Do you want to save it? [YES]
Project saved.
Project closed.
