
Starting:    D:\Microsemi\Libero_SoC_v11.9\SynplifyPro\bin64\mbin\synbatch.exe
Install:     D:\Microsemi\Libero_SoC_v11.9\SynplifyPro
Hostname:    LAPTOP-GEIEM7SR
Date:        Tue Dec 17 17:41:16 2024
Version:     L-2016.09M-SP1-5

Arguments:   -product synplify_pro -licensetype synplifypro_actel -batch -log synplify.log lzy_SSD1_syn.tcl
ProductType: synplify_pro

License checkout: synplifypro_actel
License: synplifypro_actel node-locked 
Licensed Vendor: actel
License Option: actel_oem

Running in Vendor Mode


log file: "C:\Users\FHCY\Desktop\study\signal\J3123009048_SLC\synthesis\lzy_SSD1.srr"

Running: synthesis in foreground



Running lzy_SSD1_syn|synthesis


Running: compile (Compile) on lzy_SSD1_syn|synthesis
# Tue Dec 17 17:41:16 2024


Running: compile_flow (Compile Process) on lzy_SSD1_syn|synthesis
# Tue Dec 17 17:41:16 2024


Running: compiler (Compile Input) on lzy_SSD1_syn|synthesis
# Tue Dec 17 17:41:16 2024

Copied C:\Users\FHCY\Desktop\study\signal\J3123009048_SLC\synthesis\synwork\lzy_SSD1_comp.srs to C:\Users\FHCY\Desktop\study\signal\J3123009048_SLC\synthesis\lzy_SSD1.srs


compiler completed
# Tue Dec 17 17:41:17 2024

Return Code: 0
Run Time:00h:00m:01s


Running: multi_srs_gen (Multi-srs Generator) on lzy_SSD1_syn|synthesis
# Tue Dec 17 17:41:17 2024


multi_srs_gen completed
# Tue Dec 17 17:41:17 2024

Return Code: 0
Run Time:00h:00m:00s

Copied C:\Users\FHCY\Desktop\study\signal\J3123009048_SLC\synthesis\synwork\lzy_SSD1_mult.srs to C:\Users\FHCY\Desktop\study\signal\J3123009048_SLC\synthesis\lzy_SSD1.srs

Complete: Compile Process on lzy_SSD1_syn|synthesis


Running: premap (Pre-mapping) on lzy_SSD1_syn|synthesis
# Tue Dec 17 17:41:17 2024


premap completed with warnings
# Tue Dec 17 17:41:18 2024

Return Code: 1
Run Time:00h:00m:01s

Complete: Compile on lzy_SSD1_syn|synthesis


Running: map (Map) on lzy_SSD1_syn|synthesis
# Tue Dec 17 17:41:18 2024

License granted for 4 parallel jobs


Running: fpga_mapper (Map & Optimize) on lzy_SSD1_syn|synthesis
# Tue Dec 17 17:41:18 2024

Copied C:\Users\FHCY\Desktop\study\signal\J3123009048_SLC\synthesis\synwork\lzy_SSD1_m.srm to C:\Users\FHCY\Desktop\study\signal\J3123009048_SLC\synthesis\lzy_SSD1.srm


fpga_mapper completed with warnings
# Tue Dec 17 17:41:18 2024

Return Code: 1
Run Time:00h:00m:00s

Complete: Map on lzy_SSD1_syn|synthesis

Complete: Logic Synthesis on lzy_SSD1_syn|synthesis

TCL script complete: "lzy_SSD1_syn.tcl"

exit status=0

exit status=0

License checkin: synplifypro_actel

