Target Part: A3P060_VQFP100_STD
Report for cell cyq_VM.verilog
  Core Cell usage:
              cell count     area count*area
               GND     1      0.0        0.0
               MX2     4      1.0        4.0
              MX2A     1      1.0        1.0
              MX2C     2      1.0        2.0
             NOR2A     1      1.0        1.0
             NOR2B     2      1.0        2.0
             NOR3A     2      1.0        2.0
              OR2A     2      1.0        2.0
               VCC     1      0.0        0.0


            DFN1C1     4      1.0        4.0
            DFN1P1     2      1.0        2.0
                   -----          ----------
             TOTAL    22                20.0


  IO Cell usage:
              cell count
            CLKBUF     1
             INBUF     3
            OUTBUF     2
                   -----
             TOTAL     6


Core Cells         : 20 of 1536 (1%)
IO Cells           : 6

  RAM/ROM Usage Summary
Block Rams : 0 of 4 (0%)

