
Starting:    D:\Microsemi\Libero_SoC_v11.9\SynplifyPro\bin64\mbin\synplify.exe
Install:     D:\Microsemi\Libero_SoC_v11.9\SynplifyPro
Hostname:    LAPTOP-GEIEM7SR
Date:        Thu Dec 12 15:30:01 2024
Version:     L-2016.09M-SP1-5

Arguments:   -product synplify_pro lzy_SD2_syn.tcl
ProductType: synplify_pro

License checkout: synplifypro_actel
License: synplifypro_actel node-locked 
Licensed Vendor: actel
License Option: actel_oem



TCL script complete: "lzy_SD2_syn.tcl"
New HDL Analyst: enabled
Copied C:\Users\FHCY\Desktop\study\signal\J3123009048_Comb\synthesis\lzy_SD2.srr to C:\Users\FHCY\Desktop\study\signal\J3123009048_Comb\synthesis\backup\lzy_SD2.srr
log file: "C:\Users\FHCY\Desktop\study\signal\J3123009048_Comb\synthesis\lzy_SD2.srr"
Running: synthesis in foreground

Running lzy_SD2_syn|synthesis

Running: compile (Compile) on lzy_SD2_syn|synthesis
# Thu Dec 12 15:30:04 2024

Running: compile_flow (Compile Process) on lzy_SD2_syn|synthesis
# Thu Dec 12 15:30:04 2024

Running: compiler (Compile Input) on lzy_SD2_syn|synthesis
# Thu Dec 12 15:30:04 2024
Copied C:\Users\FHCY\Desktop\study\signal\J3123009048_Comb\synthesis\synwork\lzy_SD2_comp.srs to C:\Users\FHCY\Desktop\study\signal\J3123009048_Comb\synthesis\lzy_SD2.srs

compiler completed
# Thu Dec 12 15:30:05 2024

Return Code: 0
Run Time:00h:00m:01s

Running: multi_srs_gen (Multi-srs Generator) on lzy_SD2_syn|synthesis
# Thu Dec 12 15:30:05 2024

multi_srs_gen completed
# Thu Dec 12 15:30:05 2024

Return Code: 0
Run Time:00h:00m:00s
Copied C:\Users\FHCY\Desktop\study\signal\J3123009048_Comb\synthesis\synwork\lzy_SD2_mult.srs to C:\Users\FHCY\Desktop\study\signal\J3123009048_Comb\synthesis\lzy_SD2.srs
Complete: Compile Process on lzy_SD2_syn|synthesis

Running: premap (Pre-mapping) on lzy_SD2_syn|synthesis
# Thu Dec 12 15:30:06 2024

premap completed with warnings
# Thu Dec 12 15:30:06 2024

Return Code: 1
Run Time:00h:00m:00s
Complete: Compile on lzy_SD2_syn|synthesis

Running: map (Map) on lzy_SD2_syn|synthesis
# Thu Dec 12 15:30:06 2024

Running: fpga_mapper (Map & Optimize) on lzy_SD2_syn|synthesis
# Thu Dec 12 15:30:06 2024
Note: Opening local project RTL file 'C:\Users\FHCY\Desktop\study\signal\J3123009048_Comb\synthesis\lzy_SD2.srs'
Copied C:\Users\FHCY\Desktop\study\signal\J3123009048_Comb\synthesis\synwork\lzy_SD2_m.srm to C:\Users\FHCY\Desktop\study\signal\J3123009048_Comb\synthesis\lzy_SD2.srm

fpga_mapper completed with warnings
# Thu Dec 12 15:30:07 2024

Return Code: 1
Run Time:00h:00m:01s
Complete: Map on lzy_SD2_syn|synthesis
Complete: Logic Synthesis on lzy_SD2_syn|synthesis
exit status=0
License checkin: synplifypro_actel
