
Starting:    D:\Microsemi\Libero_SoC_v11.9\SynplifyPro\bin64\mbin\synbatch.exe
Install:     D:\Microsemi\Libero_SoC_v11.9\SynplifyPro
Hostname:    LAPTOP-GEIEM7SR
Date:        Thu Dec 12 13:20:44 2024
Version:     L-2016.09M-SP1-5

Arguments:   -product synplify_pro -licensetype synplifypro_actel -batch -log synplify.log lzy_SD1_syn.tcl
ProductType: synplify_pro

License checkout: synplifypro_actel
License: synplifypro_actel node-locked 
Licensed Vendor: actel
License Option: actel_oem

Running in Vendor Mode


Implementation not found: synthesis

log file: "C:\Users\FHCY\Desktop\study\signal\J3123009048_Comb\synthesis\lzy_SD1.srr"

Running: synthesis in foreground



Running lzy_SD1_syn|synthesis


Running: compile (Compile) on lzy_SD1_syn|synthesis
# Thu Dec 12 13:20:44 2024


Running: compile_flow (Compile Process) on lzy_SD1_syn|synthesis
# Thu Dec 12 13:20:44 2024


Running: compiler (Compile Input) on lzy_SD1_syn|synthesis
# Thu Dec 12 13:20:44 2024

Copied C:\Users\FHCY\Desktop\study\signal\J3123009048_Comb\synthesis\synwork\lzy_SD1_comp.srs to C:\Users\FHCY\Desktop\study\signal\J3123009048_Comb\synthesis\lzy_SD1.srs


compiler completed
# Thu Dec 12 13:20:45 2024

Return Code: 0
Run Time:00h:00m:01s


Running: multi_srs_gen (Multi-srs Generator) on lzy_SD1_syn|synthesis
# Thu Dec 12 13:20:45 2024


multi_srs_gen completed
# Thu Dec 12 13:20:45 2024

Return Code: 0
Run Time:00h:00m:00s

Copied C:\Users\FHCY\Desktop\study\signal\J3123009048_Comb\synthesis\synwork\lzy_SD1_mult.srs to C:\Users\FHCY\Desktop\study\signal\J3123009048_Comb\synthesis\lzy_SD1.srs

Complete: Compile Process on lzy_SD1_syn|synthesis


Running: premap (Pre-mapping) on lzy_SD1_syn|synthesis
# Thu Dec 12 13:20:45 2024


premap completed
# Thu Dec 12 13:20:46 2024

Return Code: 0
Run Time:00h:00m:01s

Complete: Compile on lzy_SD1_syn|synthesis


Running: map (Map) on lzy_SD1_syn|synthesis
# Thu Dec 12 13:20:46 2024

License granted for 4 parallel jobs


Running: fpga_mapper (Map & Optimize) on lzy_SD1_syn|synthesis
# Thu Dec 12 13:20:46 2024

Copied C:\Users\FHCY\Desktop\study\signal\J3123009048_Comb\synthesis\synwork\lzy_SD1_m.srm to C:\Users\FHCY\Desktop\study\signal\J3123009048_Comb\synthesis\lzy_SD1.srm


fpga_mapper completed
# Thu Dec 12 13:20:48 2024

Return Code: 0
Run Time:00h:00m:02s

Complete: Map on lzy_SD1_syn|synthesis

Complete: Logic Synthesis on lzy_SD1_syn|synthesis

Copied C:\Users\FHCY\Desktop\study\signal\J3123009048_Comb\synthesis\lzy_SD1.srr to C:\Users\FHCY\Desktop\study\signal\J3123009048_Comb\synthesis\backup\lzy_SD1.srr

TCL script complete: "lzy_SD1_syn.tcl"

exit status=0

exit status=0

License checkin: synplifypro_actel

