Microsemi Libero Software
Version: 11.9.0.4
Release: v11.9

Created a new design.
'BA_NAME' set to 'lzy_74HC74_ba'
'IDE_DESIGNERVIEW_NAME' set to 'Impl1'
'IDE_DESIGNERVIEW_COUNT' set to '1'
'IDE_DESIGNERVIEW_REV0' set to 'Impl1'
'IDE_DESIGNERVIEW_REVNUM0' set to '1'
'IDE_DESIGNERVIEW_ROOTDIR' set to 'C:\Users\FHCY\Desktop\study\signal\J3123009048_SLC\designer'
'IDE_DESIGNERVIEW_LASTREV' set to '1'
'DESDIR' set to 'C:/Users/FHCY/Desktop/study/signal/J3123009048_SLC/designer/impl1'
'BA_DIR' set to 'C:/Users/FHCY/Desktop/study/signal/J3123009048_SLC/designer/impl1'
'BA_NETLIST_ALSO' set to '1'
'EDNINFLAVOR' set to 'GENERIC'
'NETLIST_NAMING_STYLE' set to 'VERILOG'
'EXPORT_STATUS_REPORT' set to '1'
'EXPORT_STATUS_REPORT_FILENAME' set to 'lzy_74HC74.rpt'
'AUDIT_NETLIST_FILE' set to '1'
'AUDIT_DCF_FILE' set to '1'
'AUDIT_PIN_FILE' set to '1'
'AUDIT_ADL_FILE' set to '1'

 Netlist Reading Time = 0.0 seconds
Imported the file:
   C:\Users\FHCY\Desktop\study\signal\J3123009048_SLC\synthesis\lzy_74HC74.edn

The Import command succeeded ( 00:00:01 )
Design saved to file lzy_74HC74.adb.
=====================================================================
Parameters used to run compile:
===============================

Family      : ProASIC3
Device      : A3P060
Package     : 100 VQFP
Source      : C:\Users\FHCY\Desktop\study\signal\J3123009048_SLC\synthesis\lzy_74HC74.edn
Format      : EDIF
Topcell     : lzy_74HC74
Speed grade : STD
Temp        : 0:25:70
Voltage     : 1.58:1.50:1.42

Keep Existing Physical Constraints : No
Keep Existing Timing Constraints   : Yes

pdc_abort_on_error                 : Yes
pdc_eco_display_unmatched_objects  : No
pdc_eco_max_warnings               : 10000

demote_globals                     : No
promote_globals                    : No
localclock_max_shared_instances    : 12
localclock_buffer_tree_max_fanout  : 12

combine_register                   : No
delete_buffer_tree                 : No

report_high_fanout_nets_limit      : 10

=====================================================================
Compile starts ...


Netlist Optimization Report
===========================

Optimized macros:
  - Dangling net drivers:   0
  - Buffers:                0
  - Inverters:              0
  - Tieoff:                 0
  - Logic combining:        0

    Total macros optimized  0

There were 0 error(s) and 0 warning(s) in this design.
=====================================================================
Compile report:
===============

    CORE                       Used:      7  Total:   1536   (0.46%)
    IO (W/ clocks)             Used:      6  Total:     71   (8.45%)
    GLOBAL (Chip+Quadrant)     Used:      0  Total:     18   (0.00%)
    PLL                        Used:      0  Total:      1   (0.00%)
    RAM/FIFO                   Used:      0  Total:      4   (0.00%)
    Low Static ICC             Used:      0  Total:      1   (0.00%)
    FlashROM                   Used:      0  Total:      1   (0.00%)
    User JTAG                  Used:      0  Total:      1   (0.00%)

Global Information:

    Type            | Used   | Total
    ----------------|--------|--------------
    Chip global     | 0      | 6  (0.00%)*
    Quadrant global | 0      | 12 (0.00%)

    (*) Chip globals may be assigned to Quadrant globals using the Multi-View Navigator (MVN)
        or Physical Design Constraints (PDC).
        They may also be assigned to Quadrant globals automatically during Layout.

Core Information:

    Type    | Instances    | Core tiles
    --------|--------------|-----------
    COMB    | 3            | 3
    SEQ     | 1            | 4

I/O Function:

    Type                                  | w/o register  | w/ register  | w/ DDR register
    --------------------------------------|---------------|--------------|----------------
    Input I/O                             | 4             | 0            | 0
    Output I/O                            | 2             | 0            | 0
    Bidirectional I/O                     | 0             | 0            | 0
    Differential Input I/O Pairs          | 0             | 0            | 0
    Differential Output I/O Pairs         | 0             | 0            | 0

I/O Technology:

                                    |   Voltages    |             I/Os
    --------------------------------|-------|-------|-------|--------|--------------
    I/O Standard(s)                 | Vcci  | Vref  | Input | Output | Bidirectional
    --------------------------------|-------|-------|-------|--------|--------------
    LVTTL                           | 3.30v | N/A   | 4     | 2      | 0

I/O Placement:

    Locked  :   0
    Placed  :   0
    UnPlaced:   6 ( 100.00% )

Net information report:
=======================

High fanout nets in the post compile netlist:
    Fanout  Type          Name
    --------------------------
    3       INT_NET       Net   : Q_c
                          Driver: Q
    2       INT_NET       Net   : Clk_c
                          Driver: Clk_pad
    2       INT_NET       Net   : Sd_c_i
                          Driver: Q_RNO_0
    2       INT_NET       Net   : Rd_c_i
                          Driver: Q_RNO
    2       INT_NET       Net   : Q/MQ
                          Driver: Q
    1       INT_NET       Net   : Rd_c
                          Driver: Rd_pad
    1       INT_NET       Net   : Sd_c
                          Driver: Sd_pad
    1       INT_NET       Net   : D_c
                          Driver: D_pad
    1       INT_NET       Net   : Q_c_i
                          Driver: Qn_pad_RNO
    1       INT_NET       Net   : Q/MY
                          Driver: Q

Nets that are candidates for clock assignment and the resulting fanout:
    Fanout  Type          Name
    --------------------------
    3       INT_NET       Net   : Q_c
                          Driver: Q
    2       INT_NET       Net   : Rd_c
                          Driver: Rd_pad
    2       INT_NET       Net   : Sd_c
                          Driver: Sd_pad
    2       INT_NET       Net   : Clk_c
                          Driver: Clk_pad
    2       INT_NET       Net   : Q/MQ
                          Driver: Q
    1       INT_NET       Net   : D_c
                          Driver: D_pad
    1       INT_NET       Net   : Q/MY
                          Driver: Q
    1       INT_NET       Net   : Q/SY
                          Driver: Q

The Compile command succeeded ( 00:00:00 )
Wrote status report to file: lzy_74HC74_compile_report.txt

The Report command succeeded ( 00:00:00 )
Wrote pin report to file: lzy_74HC74_report_pin_byname.txt

The Report command succeeded ( 00:00:01 )
Wrote pin report to file: lzy_74HC74_report_pin_bynumber.txt

The Report command succeeded ( 00:00:01 )
Design saved to file
C:\Users\FHCY\Desktop\study\signal\J3123009048_SLC\designer\impl1\lzy_74HC74.adb.

The Execute Script command succeeded ( 00:00:05 )
Design closed.

