FlashPro
Version: 11.9.0.4
Release: v11.9

Software Version: 11.9.0.4
PDB file 'E:\3122008883\J3122008883_SLC\designer\impl1\cyq_74HC194.pdb' has been loaded
successfully.
DESIGN : cyq_74HC194;  CHECKSUM : 5CC6;  PDB_VERSION : 1.9
Opened 'E:\3122008883\J3122008883_SLC\designer\impl1\cyq_74HC194_fp\cyq_74HC194.pro'
PDB file 'E:\3122008883\J3122008883_SLC\designer\impl1\cyq_74HC161.pdb' has been loaded
successfully.
DESIGN : cyq_74HC161;  CHECKSUM : 4144;  PDB_VERSION : 1.9
Rescanning for Programmers...
Rescanning for Programmers DONE.
Rescanning for Programmers...
Rescanning for Programmers DONE.
Rescanning for Programmers...
Rescanning for Programmers DONE.
Rescanning for Programmers...
Rescanning for Programmers DONE.
Rescanning for Programmers...
Rescanning for Programmers DONE.
Rescanning for Programmers...
Rescanning for Programmers DONE.
Rescanning for Programmers...
Rescanning for Programmers DONE.
Rescanning for Programmers...
Rescanning for Programmers DONE.
Rescanning for Programmers...
Rescanning for Programmers DONE.
Rescanning for Programmers...
Rescanning for Programmers DONE.
Rescanning for Programmers...
Rescanning for Programmers DONE.
Rescanning for Programmers...
Rescanning for Programmers DONE.
Rescanning for Programmers...
Rescanning for Programmers DONE.
Rescanning for Programmers...
Rescanning for Programmers DONE.
Rescanning for Programmers...
Rescanning for Programmers DONE.
Rescanning for Programmers...
Rescanning for Programmers DONE.
Rescanning for Programmers...
Rescanning for Programmers DONE.
Rescanning for Programmers...
programmer 'S2001L06UA' : FlashPro5
Rescanning for Programmers DONE.
programmer 'S2001L06UA' : Scan Chain...
Warning: programmer 'S2001L06UA' : Vpump has been selected on programmer AND an externally
         provided Vpump has also been detected. Using externally provided Vpump voltage source.
programmer 'S2001L06UA' : Scan Chain PASSED.
programmer 'S2001L06UA' : Executing action PROGRAM
programmer 'S2001L06UA' : EXPORT FSN[48] = 802a972ce8fc
programmer 'S2001L06UA' : Erase ...
programmer 'S2001L06UA' : Completed erase
programmer 'S2001L06UA' : EXPORT CHECKSUM[16] = 4144
programmer 'S2001L06UA' : Programming FPGA Array
programmer 'S2001L06UA' : Verifying FPGA Array
programmer 'S2001L06UA' :         Verifying FPGA Array -- pass
programmer 'S2001L06UA' : Finished: Mon Nov 27 10:11:58 2023 (Elapsed time 00:01:45)
programmer 'S2001L06UA' : Executing action PROGRAM PASSED.

                        o - o - o - o - o - o

Warning: Project 'cyq_74HC194' has been modified. Do you want to save it? [YES]
Project saved.
Project closed.
