error reading package index file D:/Libero Soc/SynplifyPro/lib/pkgIndex.tcl: couldn't read file "{D:/Libero Soc/SynplifyPro/lib/pkgIndex.tcl}": no such file or directory


error reading package index file D:/Libero Soc/SynplifyPro/lib/bwidget-1.9.5/pkgIndex.tcl: couldn't read file "{D:/Libero Soc/SynplifyPro/lib/bwidget-1.9.5/pkgIndex.tcl}": no such file or directory


error reading package index file D:/Libero Soc/SynplifyPro/lib/common/pkgIndex.tcl: couldn't read file "{D:/Libero Soc/SynplifyPro/lib/common/pkgIndex.tcl}": no such file or directory


error reading package index file D:/Libero Soc/SynplifyPro/lib/reg1.2/pkgIndex.tcl: couldn't read file "{D:/Libero Soc/SynplifyPro/lib/reg1.2/pkgIndex.tcl}": no such file or directory


error reading package index file D:/Libero Soc/SynplifyPro/lib/tcllib-1.12/pkgIndex.tcl: couldn't read file "{D:/Libero Soc/SynplifyPro/lib/tcllib-1.12/pkgIndex.tcl}": no such file or directory


error reading package index file D:/Libero Soc/SynplifyPro/lib/pkgIndex.tcl: couldn't read file "{D:/Libero Soc/SynplifyPro/lib/pkgIndex.tcl}": no such file or directory


error reading package index file D:/Libero Soc/SynplifyPro/lib/pkgIndex.tcl: couldn't read file "{D:/Libero Soc/SynplifyPro/lib/pkgIndex.tcl}": no such file or directory


error reading package index file D:/Libero Soc/SynplifyPro/lib/bwidget-1.9.5/pkgIndex.tcl: couldn't read file "{D:/Libero Soc/SynplifyPro/lib/bwidget-1.9.5/pkgIndex.tcl}": no such file or directory


error reading package index file D:/Libero Soc/SynplifyPro/lib/common/pkgIndex.tcl: couldn't read file "{D:/Libero Soc/SynplifyPro/lib/common/pkgIndex.tcl}": no such file or directory


error reading package index file D:/Libero Soc/SynplifyPro/lib/reg1.2/pkgIndex.tcl: couldn't read file "{D:/Libero Soc/SynplifyPro/lib/reg1.2/pkgIndex.tcl}": no such file or directory


error reading package index file D:/Libero Soc/SynplifyPro/lib/tcllib-1.12/pkgIndex.tcl: couldn't read file "{D:/Libero Soc/SynplifyPro/lib/tcllib-1.12/pkgIndex.tcl}": no such file or directory


error reading package index file D:/Libero Soc/SynplifyPro/lib/pkgIndex.tcl: couldn't read file "{D:/Libero Soc/SynplifyPro/lib/pkgIndex.tcl}": no such file or directory



Starting:    D:\Libero Soc\SynplifyPro\bin64\mbin\synbatch.exe
Install:     D:\Libero Soc\SynplifyPro
Hostname:    LAPTOP-H04U6K22
Date:        Thu Dec 28 00:02:36 2023
Version:     L-2016.09M-SP1-5

Arguments:   -product synplify_pro -licensetype synplifypro_actel -batch -log synplify.log cyq_BasGate_syn.tcl
ProductType: synplify_pro

License checkout: synplifypro_actel
License: synplifypro_actel node-locked 
Licensed Vendor: actel
License Option: actel_oem

Running in Vendor Mode


Implementation not found: synthesis

log file: "D:\Study\LiberoProjects\J312200883_Gate\J3122008883_Gate\synthesis\cyq_BasGate.srr"

Running: synthesis in foreground



Running cyq_BasGate_syn|synthesis


Running: compile (Compile) on cyq_BasGate_syn|synthesis
# Thu Dec 28 00:02:36 2023


Running: compile_flow (Compile Process) on cyq_BasGate_syn|synthesis
# Thu Dec 28 00:02:36 2023


Running: compiler (Compile Input) on cyq_BasGate_syn|synthesis
# Thu Dec 28 00:02:36 2023

Copied D:\Study\LiberoProjects\J312200883_Gate\J3122008883_Gate\synthesis\synwork\cyq_BasGate_comp.srs to D:\Study\LiberoProjects\J312200883_Gate\J3122008883_Gate\synthesis\cyq_BasGate.srs


compiler completed
# Thu Dec 28 00:02:42 2023

Return Code: 0
Run Time:00h:00m:06s


Running: multi_srs_gen (Multi-srs Generator) on cyq_BasGate_syn|synthesis
# Thu Dec 28 00:02:42 2023


multi_srs_gen completed
# Thu Dec 28 00:02:42 2023

Return Code: 0
Run Time:00h:00m:00s

Copied D:\Study\LiberoProjects\J312200883_Gate\J3122008883_Gate\synthesis\synwork\cyq_BasGate_mult.srs to D:\Study\LiberoProjects\J312200883_Gate\J3122008883_Gate\synthesis\cyq_BasGate.srs

Complete: Compile Process on cyq_BasGate_syn|synthesis


Running: premap (Pre-mapping) on cyq_BasGate_syn|synthesis
# Thu Dec 28 00:02:42 2023


premap completed
# Thu Dec 28 00:02:44 2023

Return Code: 0
Run Time:00h:00m:02s

Complete: Compile on cyq_BasGate_syn|synthesis


Running: map (Map) on cyq_BasGate_syn|synthesis
# Thu Dec 28 00:02:44 2023

License granted for 4 parallel jobs


Running: fpga_mapper (Map & Optimize) on cyq_BasGate_syn|synthesis
# Thu Dec 28 00:02:44 2023

Copied D:\Study\LiberoProjects\J312200883_Gate\J3122008883_Gate\synthesis\synwork\cyq_BasGate_m.srm to D:\Study\LiberoProjects\J312200883_Gate\J3122008883_Gate\synthesis\cyq_BasGate.srm


fpga_mapper completed
# Thu Dec 28 00:02:45 2023

Return Code: 0
Run Time:00h:00m:01s

Complete: Map on cyq_BasGate_syn|synthesis

Complete: Logic Synthesis on cyq_BasGate_syn|synthesis

Copied D:\Study\LiberoProjects\J312200883_Gate\J3122008883_Gate\synthesis\cyq_BasGate.srr to D:\Study\LiberoProjects\J312200883_Gate\J3122008883_Gate\synthesis\backup\cyq_BasGate.srr

TCL script complete: "cyq_BasGate_syn.tcl"

exit status=0

exit status=0

License checkin: synplifypro_actel

