  Main.cpp
Z:\第5-6次实验：矩阵转置 & 直接排序 & 希尔排序\RadixSort\Main.cpp(65,5): error C2059: 语法错误:“if”
Z:\第5-6次实验：矩阵转置 & 直接排序 & 希尔排序\RadixSort\Main.cpp(66,9): error C2143: 语法错误: 缺少“)”(在“;”的前面)
Z:\第5-6次实验：矩阵转置 & 直接排序 & 希尔排序\RadixSort\Main.cpp(66,22): error C2143: 语法错误: 缺少“;”(在“<=”的前面)
Z:\第5-6次实验：矩阵转置 & 直接排序 & 希尔排序\RadixSort\Main.cpp(66,22): error C4430: 缺少类型说明符 - 假定为 int。注意: C++ 不支持默认 int
Z:\第5-6次实验：矩阵转置 & 直接排序 & 希尔排序\RadixSort\Main.cpp(66,36): error C2059: 语法错误:“++”
Z:\第5-6次实验：矩阵转置 & 直接排序 & 希尔排序\RadixSort\Main.cpp(66,39): error C2059: 语法错误:“)”
Z:\第5-6次实验：矩阵转置 & 直接排序 & 希尔排序\RadixSort\Main.cpp(69,15): error C4430: 缺少类型说明符 - 假定为 int。注意: C++ 不支持默认 int
Z:\第5-6次实验：矩阵转置 & 直接排序 & 希尔排序\RadixSort\Main.cpp(69,5): error C2365: “free”: 重定义；以前的定义是“函数”
C:\Program Files (x86)\Windows Kits\10\Include\10.0.19041.0\ucrt\corecrt_malloc.h(89): message : 参见“free”的声明
Z:\第5-6次实验：矩阵转置 & 直接排序 & 希尔排序\RadixSort\Main.cpp(69,10): error C2065: “count”: 未声明的标识符
Z:\第5-6次实验：矩阵转置 & 直接排序 & 希尔排序\RadixSort\Main.cpp(69,26): error C4430: 缺少类型说明符 - 假定为 int。注意: C++ 不支持默认 int
Z:\第5-6次实验：矩阵转置 & 直接排序 & 希尔排序\RadixSort\Main.cpp(69,18): error C2365: “free”: 重定义；以前的定义是“函数”
C:\Program Files (x86)\Windows Kits\10\Include\10.0.19041.0\ucrt\corecrt_malloc.h(89): message : 参见“free”的声明
Z:\第5-6次实验：矩阵转置 & 直接排序 & 希尔排序\RadixSort\Main.cpp(69,23): error C2065: “pos”: 未声明的标识符
Z:\第5-6次实验：矩阵转置 & 直接排序 & 希尔排序\RadixSort\Main.cpp(69,38): error C4430: 缺少类型说明符 - 假定为 int。注意: C++ 不支持默认 int
Z:\第5-6次实验：矩阵转置 & 直接排序 & 希尔排序\RadixSort\Main.cpp(69,29): error C2365: “free”: 重定义；以前的定义是“函数”
C:\Program Files (x86)\Windows Kits\10\Include\10.0.19041.0\ucrt\corecrt_malloc.h(89): message : 参见“free”的声明
Z:\第5-6次实验：矩阵转置 & 直接排序 & 希尔排序\RadixSort\Main.cpp(69,34): error C2065: “rcd1”: 未声明的标识符
Z:\第5-6次实验：矩阵转置 & 直接排序 & 希尔排序\RadixSort\Main.cpp(70,5): error C2059: 语法错误:“return”
Z:\第5-6次实验：矩阵转置 & 直接排序 & 希尔排序\RadixSort\Main.cpp(71,1): error C2059: 语法错误:“}”
Z:\第5-6次实验：矩阵转置 & 直接排序 & 希尔排序\RadixSort\Main.cpp(71,1): error C2143: 语法错误: 缺少“;”(在“}”的前面)
Z:\第5-6次实验：矩阵转置 & 直接排序 & 希尔排序\RadixSort\Main.cpp(73,12): error C2143: 语法错误: 缺少“;”(在“{”的前面)
Z:\第5-6次实验：矩阵转置 & 直接排序 & 希尔排序\RadixSort\Main.cpp(73,12): error C2447: “{”: 缺少函数标题(是否是老式的形式表?)
