Target Part: A3P060_VQFP100_-1
Report for cell lzy_BasGate.verilog
  Core Cell usage:
              cell count     area count*area
               GND     1      0.0        0.0
               INV     3      1.0        3.0
             NOR2B     1      1.0        1.0
               OR2     1      1.0        1.0
               VCC     1      0.0        0.0
              XOR2     1      1.0        1.0


                   -----          ----------
             TOTAL     8                 6.0


  IO Cell usage:
              cell count
             INBUF     2
            OUTBUF     6
                   -----
             TOTAL     8


Core Cells         : 6 of 1536 (0%)
IO Cells           : 8

  RAM/ROM Usage Summary
Block Rams : 0 of 4 (0%)

