Target Part: A3P060_VQFP100_STD
Report for cell lzy_SSD1.verilog
  Core Cell usage:
              cell count     area count*area
               GND     3      0.0        0.0
               INV     3      1.0        3.0
              NOR2     1      1.0        1.0
             NOR2A     2      1.0        2.0
             NOR2B     1      1.0        1.0
               VCC     3      0.0        0.0
              XOR2     1      1.0        1.0


            DFN1C0     2      1.0        2.0
                   -----          ----------
             TOTAL    16                10.0


  IO Cell usage:
              cell count
            CLKBUF     1
             INBUF     1
            OUTBUF    12
                   -----
             TOTAL    14


Core Cells         : 10 of 1536 (1%)
IO Cells           : 14

  RAM/ROM Usage Summary
Block Rams : 0 of 4 (0%)

