Target Part: A3P060_VQFP100_STD
Report for cell lzy_SSD2.verilog
  Core Cell usage:
              cell count     area count*area
              AOI1     1      1.0        1.0
             AXOI7     1      1.0        1.0
              BUFF     2      1.0        2.0
               GND     5      0.0        0.0
               INV     1      1.0        1.0
               MX2    12      1.0       12.0
              MX2A     1      1.0        1.0
              NOR2     2      1.0        2.0
             NOR2A     6      1.0        6.0
             NOR2B     1      1.0        1.0
              NOR3     3      1.0        3.0
             NOR3B     3      1.0        3.0
             NOR3C     3      1.0        3.0
              OA1B     1      1.0        1.0
              OA1C     2      1.0        2.0
               OR2     1      1.0        1.0
               OR3     1      1.0        1.0
              OR3A     1      1.0        1.0
               VCC     5      0.0        0.0
              XA1B     1      1.0        1.0
              XOR2     1      1.0        1.0


            DFN1C0     2      1.0        2.0
                   -----          ----------
             TOTAL    56                46.0


  IO Cell usage:
              cell count
            CLKBUF     1
             INBUF    17
            OUTBUF    12
                   -----
             TOTAL    30


Core Cells         : 46 of 1536 (3%)
IO Cells           : 30

  RAM/ROM Usage Summary
Block Rams : 0 of 4 (0%)

