Target Part: A3P060_VQFP100_-1
Report for cell lzy_SD2.verilog
  Core Cell usage:
              cell count     area count*area
               AO1     1      1.0        1.0
              AO1C     1      1.0        1.0
               GND     3      0.0        0.0
              NOR2     2      1.0        2.0
             NOR2A     3      1.0        3.0
             NOR2B     4      1.0        4.0
              NOR3     1      1.0        1.0
             NOR3A     2      1.0        2.0
             NOR3C     1      1.0        1.0
               OA1     1      1.0        1.0
              OA1B     1      1.0        1.0
              OA1C     3      1.0        3.0
              OAI1     1      1.0        1.0
               OR2     1      1.0        1.0
              OR2B     2      1.0        2.0
              OR3A     1      1.0        1.0
               VCC     3      0.0        0.0
               XA1     1      1.0        1.0


                   -----          ----------
             TOTAL    32                26.0


  IO Cell usage:
              cell count
             INBUF     9
            OUTBUF     8
                   -----
             TOTAL    17


Core Cells         : 26 of 1536 (2%)
IO Cells           : 17

  RAM/ROM Usage Summary
Block Rams : 0 of 4 (0%)

