Target Part: A3P060_VQFP100_-1
Report for cell lzy_SD1.verilog
  Core Cell usage:
              cell count     area count*area
             AND2A     2      1.0        2.0
             AOI1A     6      1.0        6.0
               GND     4      0.0        0.0
               MX2     4      1.0        4.0
              NOR2     2      1.0        2.0
             NOR2A     8      1.0        8.0
              NOR3     1      1.0        1.0
              OR2A     6      1.0        6.0
              OR2B     2      1.0        2.0
               OR3     2      1.0        2.0
               VCC     4      0.0        0.0
             XNOR2     2      1.0        2.0
               XO1     1      1.0        1.0
              XOR2     5      1.0        5.0


                   -----          ----------
             TOTAL    49                41.0


  IO Cell usage:
              cell count
             INBUF     8
            OUTBUF     3
                   -----
             TOTAL    11


Core Cells         : 41 of 1536 (3%)
IO Cells           : 11

  RAM/ROM Usage Summary
Block Rams : 0 of 4 (0%)

