Microsemi Libero Software
Version: 11.9.0.4
Release: v11.9

Info: The design lzy_SD2.adb was last modified by software version 11.9.0.4.
Opened an existing Libero design lzy_SD2.adb.
'BA_NAME' set to 'lzy_SD2_ba'
'IDE_DESIGNERVIEW_NAME' set to 'Impl1'
'IDE_DESIGNERVIEW_COUNT' set to '1'
'IDE_DESIGNERVIEW_REV0' set to 'Impl1'
'IDE_DESIGNERVIEW_REVNUM0' set to '1'
'IDE_DESIGNERVIEW_ROOTDIR' set to 'C:\Users\FHCY\Desktop\study\signal\J3123009048_Comb\designer'
'IDE_DESIGNERVIEW_LASTREV' set to '1'

 Netlist Reading Time = 0.0 seconds
Imported the file:
   C:\Users\FHCY\Desktop\study\signal\J3123009048_Comb\synthesis\lzy_SD2.edn

The Import command succeeded ( 00:00:00 )
=====================================================================
Parameters used to run compile:
===============================

Family      : ProASIC3
Device      : A3P060
Package     : 100 VQFP
Source      : C:\Users\FHCY\Desktop\study\signal\J3123009048_Comb\synthesis\lzy_SD2.edn
Format      : EDIF
Topcell     : lzy_SD2
Speed grade : -1
Temp        : 0:25:70
Voltage     : 1.58:1.50:1.42

Keep Existing Physical Constraints : Yes
Keep Existing Timing Constraints   : Yes

pdc_abort_on_error                 : Yes
pdc_eco_display_unmatched_objects  : No
pdc_eco_max_warnings               : 10000

demote_globals                     : No
promote_globals                    : No
localclock_max_shared_instances    : 12
localclock_buffer_tree_max_fanout  : 12

combine_register                   : No
delete_buffer_tree                 : No

report_high_fanout_nets_limit      : 10

=====================================================================
Compile starts ...


Netlist Optimization Report
===========================

Optimized macros:
  - Dangling net drivers:   0
  - Buffers:                0
  - Inverters:              0
  - Tieoff:                 0
  - Logic combining:        0

    Total macros optimized  0

There were 0 error(s) and 0 warning(s) in this design.
=====================================================================

Reading previous post-compile physical placement constraints.


There were 0 error(s) and 0 warning(s).

=====================================================================
Compile report:
===============

    CORE                       Used:     26  Total:   1536   (1.69%)
    IO (W/ clocks)             Used:     17  Total:     71   (23.94%)
    GLOBAL (Chip+Quadrant)     Used:      0  Total:     18   (0.00%)
    PLL                        Used:      0  Total:      1   (0.00%)
    RAM/FIFO                   Used:      0  Total:      4   (0.00%)
    Low Static ICC             Used:      0  Total:      1   (0.00%)
    FlashROM                   Used:      0  Total:      1   (0.00%)
    User JTAG                  Used:      0  Total:      1   (0.00%)

Global Information:

    Type            | Used   | Total
    ----------------|--------|--------------
    Chip global     | 0      | 6  (0.00%)*
    Quadrant global | 0      | 12 (0.00%)

    (*) Chip globals may be assigned to Quadrant globals using the Multi-View Navigator (MVN)
        or Physical Design Constraints (PDC).
        They may also be assigned to Quadrant globals automatically during Layout.

Core Information:

    Type    | Instances    | Core tiles
    --------|--------------|-----------
    COMB    | 26           | 26
    SEQ     | 0            | 0

I/O Function:

    Type                                  | w/o register  | w/ register  | w/ DDR register
    --------------------------------------|---------------|--------------|----------------
    Input I/O                             | 9             | 0            | 0
    Output I/O                            | 8             | 0            | 0
    Bidirectional I/O                     | 0             | 0            | 0
    Differential Input I/O Pairs          | 0             | 0            | 0
    Differential Output I/O Pairs         | 0             | 0            | 0

I/O Technology:

                                    |   Voltages    |             I/Os
    --------------------------------|-------|-------|-------|--------|--------------
    I/O Standard(s)                 | Vcci  | Vref  | Input | Output | Bidirectional
    --------------------------------|-------|-------|-------|--------|--------------
    LVTTL                           | 3.30v | N/A   | 9     | 8      | 0

I/O Placement:

    Locked  :  17 ( 100.00% )
    Placed  :   0
    UnPlaced:   0

Net information report:
=======================

High fanout nets in the post compile netlist:
    Fanout  Type          Name
    --------------------------
    7       INT_NET       Net   : GS_OUT_PRE_INV0_0
                          Driver: lzy_74HC148_0/GS_0
    5       INT_NET       Net   : A_net_0[2]
                          Driver: lzy_74HC148_0/A_i_a2_i_a2[2]
    5       INT_NET       Net   : lzy_74HC148_0.N_14
                          Driver: lzy_74HC148_0/A_i_0_a3_0[1]
    5       INT_NET       Net   : lzy_74HC4511_0.A_i_1[0]
                          Driver: lzy_74HC148_0/A_i_0[0]
    4       INT_NET       Net   : lzy_74HC148_0.N_9
                          Driver: lzy_74HC148_0/A_i_0_o2_0[1]
    3       INT_NET       Net   : I_c[3]
                          Driver: I_pad[3]
    3       INT_NET       Net   : I_c[6]
                          Driver: I_pad[6]
    3       INT_NET       Net   : I_c[7]
                          Driver: I_pad[7]
    3       INT_NET       Net   : lzy_74HC148_0.N_20
                          Driver: lzy_74HC148_0/A_i_0_a2[1]
    2       INT_NET       Net   : I_c[1]
                          Driver: I_pad[1]

Nets that are candidates for clock assignment and the resulting fanout:
    Fanout  Type          Name
    --------------------------
    7       INT_NET       Net   : GS_OUT_PRE_INV0_0
                          Driver: lzy_74HC148_0/GS_0
    5       INT_NET       Net   : A_net_0[2]
                          Driver: lzy_74HC148_0/A_i_a2_i_a2[2]
    5       INT_NET       Net   : lzy_74HC148_0.N_14
                          Driver: lzy_74HC148_0/A_i_0_a3_0[1]
    5       INT_NET       Net   : lzy_74HC4511_0.A_i_1[0]
                          Driver: lzy_74HC148_0/A_i_0[0]
    4       INT_NET       Net   : lzy_74HC148_0.N_9
                          Driver: lzy_74HC148_0/A_i_0_o2_0[1]
    3       INT_NET       Net   : I_c[3]
                          Driver: I_pad[3]
    3       INT_NET       Net   : I_c[6]
                          Driver: I_pad[6]
    3       INT_NET       Net   : I_c[7]
                          Driver: I_pad[7]
    3       INT_NET       Net   : lzy_74HC148_0.N_20
                          Driver: lzy_74HC148_0/A_i_0_a2[1]
    2       INT_NET       Net   : I_c[1]
                          Driver: I_pad[1]

The Compile command succeeded ( 00:00:00 )
Wrote status report to file: lzy_SD2_compile_report.txt

The Report command succeeded ( 00:00:00 )
Wrote pin report to file: lzy_SD2_report_pin_byname.txt

The Report command succeeded ( 00:00:01 )
Wrote pin report to file: lzy_SD2_report_pin_bynumber.txt

The Report command succeeded ( 00:00:01 )
Design saved to file
C:\Users\FHCY\Desktop\study\signal\J3123009048_Comb\designer\impl1\lzy_SD2.adb.

The Execute Script command succeeded ( 00:00:04 )
Design closed.

