Microsemi Libero Software
Version: 11.9.0.4
Release: v11.9

Info: The design lzy_SD2.adb was last modified by software version 11.9.0.4.
Opened an existing Libero design lzy_SD2.adb.
'BA_NAME' set to 'lzy_SD2_ba'
'IDE_DESIGNERVIEW_NAME' set to 'Impl1'
'IDE_DESIGNERVIEW_COUNT' set to '1'
'IDE_DESIGNERVIEW_REV0' set to 'Impl1'
'IDE_DESIGNERVIEW_REVNUM0' set to '1'
'IDE_DESIGNERVIEW_ROOTDIR' set to 'C:\Users\FHCY\Desktop\study\signal\J3123009048_Comb\designer'
'IDE_DESIGNERVIEW_LASTREV' set to '1'
Back-annotated to the file(s):
   .\lzy_SD2_ba.sdf
   .\lzy_SD2_ba.v

The Back-Annotate command succeeded ( 00:00:00 )
Design saved to file
C:\Users\FHCY\Desktop\study\signal\J3123009048_Comb\designer\impl1\lzy_SD2.adb.

The Execute Script command succeeded ( 00:00:01 )
Design closed.

