Microsemi Libero Software
Version: 11.9.0.4
Release: v11.9

'IDE_DESIGNERVIEW_ROOTDIR' set to 'C:\Users\FHCY\Desktop\study\signal\J3123009048_Comb\designer'
Info: The design lzy_SD2.adb was last modified by software version 11.9.0.4.
Opened an existing Libero design lzy_SD2.adb.

The Execute Script command succeeded ( 00:00:16 )
Checking for software updates...
Info: The software cannot reach the Microsemi SoC server to confirm the version you are running.
      Visit
      http://www.microsemi.com/products/fpga-soc/design-resources/design-software/libero-soc#do\
      wnloads to download the latest major release or service pack.
      You can check the version of your current installation by starting the tool and selecting
      Help -> About.
Design saved to file
C:\Users\FHCY\Desktop\study\signal\J3123009048_Comb\designer\impl1\lzy_SD2.adb.
Wrote pin report to file:
C:\Users\FHCY\Desktop\study\signal\J3123009048_Comb\designer\impl1\lzy_SD2_report_pin_byname.txt

The Report command succeeded ( 00:00:01 )
Wrote pin report to file:
C:\Users\FHCY\Desktop\study\signal\J3123009048_Comb\designer\impl1\lzy_SD2_report_pin_bynumber.\
txt

The Report command succeeded ( 00:00:01 )

The Execute Script command succeeded ( 00:00:02 )
Design closed.

