Microsemi Libero Software
Version: 11.9.0.4
Release: v11.9

Info: The design
      D:\Study\LiberoProjects\J312200883_Gate\J3122008883_Gate\designer\impl1\cyq_BasGate.adb
      was last modified by software version 11.9.0.4.
Opened an existing Libero design
D:\Study\LiberoProjects\J312200883_Gate\J3122008883_Gate\designer\impl1\cyq_BasGate.adb.
'BA_NAME' set to 'cyq_BasGate_ba'
'KEEP_EXISTING_PHYSICAL_CONSTRAINTS' set to '1'
'SDC_IMPORT_MERGE' set to '1'
'IDE_DESIGNERVIEW_NAME' set to 'Impl1'
'IDE_DESIGNERVIEW_COUNT' set to '1'
'IDE_DESIGNERVIEW_REV0' set to 'Impl1'
'IDE_DESIGNERVIEW_REVNUM0' set to '1'
'IDE_DESIGNERVIEW_ROOTDIR' set to
'D:\Study\LiberoProjects\J312200883_Gate\J3122008883_Gate\designer'
'IDE_DESIGNERVIEW_LASTREV' set to '1'

The Execute Script command succeeded ( 00:00:00 )
Checking for software updates...
Design closed.

